<?xml version="1.0" encoding="UTF-8"?>
<!-- Generated by org.testng.reporters.JUnitReportReporter -->
<testsuite hostname="DESKTOP-G89LPAG" failures="0" tests="1" name="reqresCRUDOperation.CreateUserTest" time="5.875" errors="0" timestamp="2022-11-21T11:48:51 IST" skipped="0">
  <testcase classname="reqresCRUDOperation.CreateUserTest" name="createuser" time="5.875"/>
  <system-out/>
</testsuite> <!-- reqresCRUDOperation.CreateUserTest -->
